============================================================
Time  2018/05/19 09:29:09 324 
============================================================
[2018/05/19 09:29:09 325] isr        1659 isr loaded!  
[2018/05/19 09:29:09 325] isr        1642 SYS_MSG_REGCB param0 =   msp_status_cb  param1 =   func(863ad38) 
[2018/05/19 09:29:09 326] isr        1537 ASR_MSG_SSB  
[2018/05/19 09:29:09 326] isr        1066 session_begin() [in], params:   sub = asr, result_type = plain, result_encoding = utf8,sample_rate = 16000,aue = speex-wb  7e1ada59ea0c687f8cba1de56b525433  
[2018/05/19 09:29:09 327] isr        927  vad_set [in]  
[2018/05/19 09:29:09 329] isr        962  vad_enable :  true  
[2018/05/19 09:29:09 329] isr        980  vad_bos :  10000  
[2018/05/19 09:29:09 329] isr        981  vad_eos :  2000  
[2018/05/19 09:29:09 329] isr        886  enable_vad [in]  
[2018/05/19 09:29:09 331] isr        918  vad enabled!  2000  10000  
[2018/05/19 09:29:09 331] isr        921  enable_vad [out]  
[2018/05/19 09:29:09 331] isr        987  vad_set [out] | ret =  0  
[2018/05/19 09:29:09 331] isr        1187 cur_engine_type =   cloud  
[2018/05/19 09:29:09 331] isr        1001 cloud_session_begin  
[2018/05/19 09:29:09 332] isr        1013 standard  
[2018/05/19 09:29:09 335] isr        1547 ASR_MSG_AUW,   cloud  
[2018/05/19 09:29:09 335] isr        1559 6400  1  
[2018/05/19 09:29:09 335] isr        1569 once_bytes:   6400  
[2018/05/19 09:29:09 338] isr        851  [aud] speech start  
[2018/05/19 09:29:09 338] isr        798  1  msc  
[2018/05/19 09:29:09 537] isr        1547 ASR_MSG_AUW,   cloud  
[2018/05/19 09:29:09 537] isr        1559 6400  2  
[2018/05/19 09:29:09 740] isr        1547 ASR_MSG_AUW,   cloud  
[2018/05/19 09:29:09 740] isr        1559 6400  2  
[2018/05/19 09:29:09 942] isr        1547 ASR_MSG_AUW,   cloud  
[2018/05/19 09:29:09 942] isr        1559 6400  2  
[2018/05/19 09:29:10 145] isr        1547 ASR_MSG_AUW,   cloud  
[2018/05/19 09:29:10 145] isr        1559 6400  2  
[2018/05/19 09:29:10 170] isr        691  cloud_err_cb errorcode =   10710  detail =   MSS:bad response:10710  
[2018/05/19 09:29:10 170] isr        399  error occurred:   cloud  10710  
[2018/05/19 09:29:10 347] isr        1547 ASR_MSG_AUW,   cloud  
[2018/05/19 09:29:10 347] isr        1559 6400  2  
[2018/05/19 09:29:10 351] isr        1639 ASR_MSG_SSE,   cloud  
[2018/05/19 09:29:10 351] isr        1356 session_end() [in]  
[2018/05/19 09:29:10 351] isr        1421 cloud_session_end() [in]  
[2018/05/19 09:29:10 352] isr        1488 ns_host=  open.xf-yun.com  
[2018/05/19 09:29:10 352] isr        1498 tick()mod=  334394187  
[2018/05/19 09:29:10 353] isr        1499 tick()=  334394187  
[2018/05/19 09:29:10 353] isr        1501 diff=  831  
[2018/05/19 09:29:10 353] isr        1514 cloud_session_end() [out]  
[2018/05/19 09:29:10 353] isr        1667 isr unload!  
============================================================
Time  2018/05/19 09:29:31 552 
============================================================
[2018/05/19 09:29:31 552] isr        1659 isr loaded!  
[2018/05/19 09:29:31 552] isr        1642 SYS_MSG_REGCB param0 =   msp_status_cb  param1 =   func(8777d90) 
[2018/05/19 09:29:31 553] isr        1537 ASR_MSG_SSB  
[2018/05/19 09:29:31 553] isr        1066 session_begin() [in], params:   sub = asr, result_type = plain, result_encoding = utf8,sample_rate = 16000,aue = speex-wb  58a0790e3b0aa2957adbaf35b762a142  
[2018/05/19 09:29:31 553] isr        927  vad_set [in]  
[2018/05/19 09:29:31 553] isr        962  vad_enable :  true  
[2018/05/19 09:29:31 553] isr        980  vad_bos :  10000  
[2018/05/19 09:29:31 553] isr        981  vad_eos :  2000  
[2018/05/19 09:29:31 553] isr        886  enable_vad [in]  
[2018/05/19 09:29:31 555] isr        918  vad enabled!  2000  10000  
[2018/05/19 09:29:31 555] isr        921  enable_vad [out]  
[2018/05/19 09:29:31 555] isr        987  vad_set [out] | ret =  0  
[2018/05/19 09:29:31 555] isr        1187 cur_engine_type =   cloud  
[2018/05/19 09:29:31 555] isr        1001 cloud_session_begin  
[2018/05/19 09:29:31 555] isr        1013 standard  
[2018/05/19 09:29:31 558] isr        1547 ASR_MSG_AUW,   cloud  
[2018/05/19 09:29:31 558] isr        1559 6400  1  
[2018/05/19 09:29:31 559] isr        1569 once_bytes:   6400  
[2018/05/19 09:29:31 591] isr        851  [aud] speech start  
[2018/05/19 09:29:31 592] isr        798  1  msc  
[2018/05/19 09:29:31 760] isr        1547 ASR_MSG_AUW,   cloud  
[2018/05/19 09:29:31 760] isr        1559 6400  2  
[2018/05/19 09:29:31 910] isr        691  cloud_err_cb errorcode =   10710  detail =   MSS:bad response:10710  
[2018/05/19 09:29:31 910] isr        399  error occurred:   cloud  10710  
[2018/05/19 09:29:31 963] isr        1547 ASR_MSG_AUW,   cloud  
[2018/05/19 09:29:31 963] isr        1559 6400  2  
[2018/05/19 09:29:31 966] isr        1639 ASR_MSG_SSE,   cloud  
[2018/05/19 09:29:31 966] isr        1356 session_end() [in]  
[2018/05/19 09:29:31 967] isr        1421 cloud_session_end() [in]  
[2018/05/19 09:29:31 968] isr        1488 ns_host=  open.xf-yun.com  
[2018/05/19 09:29:31 968] isr        1498 tick()mod=  334415802  
[2018/05/19 09:29:31 968] isr        1499 tick()=  334415802  
[2018/05/19 09:29:31 968] isr        1501 diff=  226  
[2018/05/19 09:29:31 968] isr        1514 cloud_session_end() [out]  
[2018/05/19 09:29:31 969] isr        1667 isr unload!  
============================================================
Time  2018/05/19 09:38:46 177 
============================================================
[2018/05/19 09:38:46 177] isr        1659 isr loaded!  
[2018/05/19 09:38:46 181] isr        1642 SYS_MSG_REGCB param0 =   msp_status_cb  param1 =   func(9bf28e8) 
[2018/05/19 09:38:46 181] isr        1537 ASR_MSG_SSB  
[2018/05/19 09:38:46 181] isr        1066 session_begin() [in], params:   sub = asr, result_type = plain, result_encoding = utf8,sample_rate = 16000,aue = speex-wb  e7921d57605ce9ae8233bd8fab62bc5c  
[2018/05/19 09:38:46 181] isr        927  vad_set [in]  
[2018/05/19 09:38:46 181] isr        962  vad_enable :  true  
[2018/05/19 09:38:46 181] isr        980  vad_bos :  10000  
[2018/05/19 09:38:46 181] isr        981  vad_eos :  2000  
[2018/05/19 09:38:46 181] isr        886  enable_vad [in]  
[2018/05/19 09:38:46 182] isr        918  vad enabled!  2000  10000  
[2018/05/19 09:38:46 182] isr        921  enable_vad [out]  
[2018/05/19 09:38:46 182] isr        987  vad_set [out] | ret =  0  
[2018/05/19 09:38:46 182] isr        1187 cur_engine_type =   cloud  
[2018/05/19 09:38:46 182] isr        1001 cloud_session_begin  
[2018/05/19 09:38:46 182] isr        1013 standard  
[2018/05/19 09:38:46 200] isr        1547 ASR_MSG_AUW,   cloud  
[2018/05/19 09:38:46 200] isr        1559 6400  1  
[2018/05/19 09:38:46 200] isr        1569 once_bytes:   6400  
[2018/05/19 09:38:46 204] isr        851  [aud] speech start  
[2018/05/19 09:38:46 204] isr        798  1  msc  
[2018/05/19 09:38:46 402] isr        1547 ASR_MSG_AUW,   cloud  
[2018/05/19 09:38:46 402] isr        1559 6400  2  
[2018/05/19 09:38:46 605] isr        1547 ASR_MSG_AUW,   cloud  
[2018/05/19 09:38:46 605] isr        1559 6400  2  
[2018/05/19 09:38:46 807] isr        1547 ASR_MSG_AUW,   cloud  
[2018/05/19 09:38:46 807] isr        1559 6400  2  
[2018/05/19 09:38:47 010] isr        1547 ASR_MSG_AUW,   cloud  
[2018/05/19 09:38:47 010] isr        1559 6400  2  
[2018/05/19 09:38:47 212] isr        1547 ASR_MSG_AUW,   cloud  
[2018/05/19 09:38:47 212] isr        1559 6400  2  
[2018/05/19 09:38:47 415] isr        1547 ASR_MSG_AUW,   cloud  
[2018/05/19 09:38:47 415] isr        1559 6400  2  
[2018/05/19 09:38:47 472] isr        700  cloud_status_cb, eps:  1  
[2018/05/19 09:38:47 472] isr        798  1  cloud  
[2018/05/19 09:38:47 472] isr        813  cloud eps ignored  
[2018/05/19 09:38:47 616] isr        1547 ASR_MSG_AUW,   cloud  
[2018/05/19 09:38:47 616] isr        1559 6400  2  
[2018/05/19 09:38:47 818] isr        1547 ASR_MSG_AUW,   cloud  
[2018/05/19 09:38:47 818] isr        1559 6400  2  
[2018/05/19 09:38:48 019] isr        1547 ASR_MSG_AUW,   cloud  
[2018/05/19 09:38:48 019] isr        1559 6400  2  
[2018/05/19 09:38:48 221] isr        1547 ASR_MSG_AUW,   cloud  
[2018/05/19 09:38:48 221] isr        1559 6400  2  
[2018/05/19 09:38:48 422] isr        1547 ASR_MSG_AUW,   cloud  
[2018/05/19 09:38:48 422] isr        1559 6400  2  
[2018/05/19 09:38:48 624] isr        1547 ASR_MSG_AUW,   cloud  
[2018/05/19 09:38:48 624] isr        1559 6400  2  
[2018/05/19 09:38:48 827] isr        1547 ASR_MSG_AUW,   cloud  
[2018/05/19 09:38:48 827] isr        1559 6400  2  
[2018/05/19 09:38:49 029] isr        1547 ASR_MSG_AUW,   cloud  
[2018/05/19 09:38:49 029] isr        1559 6400  2  
[2018/05/19 09:38:49 232] isr        1547 ASR_MSG_AUW,   cloud  
[2018/05/19 09:38:49 232] isr        1559 6400  2  
[2018/05/19 09:38:49 432] isr        1547 ASR_MSG_AUW,   cloud  
[2018/05/19 09:38:49 432] isr        1559 6400  2  
[2018/05/19 09:38:49 634] isr        1547 ASR_MSG_AUW,   cloud  
[2018/05/19 09:38:49 634] isr        1559 6400  2  
[2018/05/19 09:38:49 836] isr        1547 ASR_MSG_AUW,   cloud  
[2018/05/19 09:38:49 837] isr        1559 6400  2  
[2018/05/19 09:38:50 039] isr        1547 ASR_MSG_AUW,   cloud  
[2018/05/19 09:38:50 039] isr        1559 6400  2  
[2018/05/19 09:38:50 243] isr        1547 ASR_MSG_AUW,   cloud  
[2018/05/19 09:38:50 243] isr        1559 11442  2  
[2018/05/19 09:38:50 445] isr        1547 ASR_MSG_AUW,   cloud  
[2018/05/19 09:38:50 445] isr        1559 0  4  
[2018/05/19 09:38:50 445] isr        1592 aud end, USER  
[2018/05/19 09:38:50 445] isr        1636 ASR_MSG_GRSLT,   cloud  
[2018/05/19 09:38:50 446] isr        1335 0  nil  2  
[2018/05/19 09:38:50 446] isr        854  [aud] speech end  
[2018/05/19 09:38:50 446] isr        798  3  msc  
[2018/05/19 09:38:50 598] isr        1636 ASR_MSG_GRSLT,   cloud  
[2018/05/19 09:38:50 598] isr        1335 0  nil  2  
[2018/05/19 09:38:50 749] isr        1636 ASR_MSG_GRSLT,   cloud  
[2018/05/19 09:38:50 749] isr        1335 0  nil  2  
[2018/05/19 09:38:50 900] isr        1636 ASR_MSG_GRSLT,   cloud  
[2018/05/19 09:38:50 900] isr        1335 0  nil  2  
[2018/05/19 09:38:51 053] isr        1636 ASR_MSG_GRSLT,   cloud  
[2018/05/19 09:38:51 053] isr        1335 0  nil  2  
[2018/05/19 09:38:51 111] isr        662  cloud_rslt_cb status =   5  
[2018/05/19 09:38:51 111] isr        641  process_result call:  cloud  udata(9bfcb2c) 5  nil  
[2018/05/19 09:38:51 111] isr        798  3  msc  
[2018/05/19 09:38:51 111] isr        800  already speech end  
[2018/05/19 09:38:51 206] isr        1636 ASR_MSG_GRSLT,   cloud  
[2018/05/19 09:38:51 206] isr        1335 0  udata(9bfcb2c) 5  
[2018/05/19 09:38:51 359] isr        1639 ASR_MSG_SSE,   cloud  
[2018/05/19 09:38:51 359] isr        1356 session_end() [in]  
[2018/05/19 09:38:51 359] isr        1421 cloud_session_end() [in]  
[2018/05/19 09:38:51 360] isr        1488 ns_host=  open.xf-yun.com  
[2018/05/19 09:38:51 360] isr        1498 tick()mod=  334975194  
[2018/05/19 09:38:51 360] isr        1499 tick()=  334975194  
[2018/05/19 09:38:51 360] isr        1501 diff=  5011  
[2018/05/19 09:38:51 360] isr        1514 cloud_session_end() [out]  
[2018/05/19 09:38:51 361] isr        1667 isr unload!  
============================================================
Time  2018/05/19 09:39:24 653 
============================================================
[2018/05/19 09:39:24 653] isr        1659 isr loaded!  
[2018/05/19 09:39:24 653] isr        1642 SYS_MSG_REGCB param0 =   msp_status_cb  param1 =   func(823cd00) 
[2018/05/19 09:39:24 654] isr        1537 ASR_MSG_SSB  
[2018/05/19 09:39:24 654] isr        1066 session_begin() [in], params:   sub = asr, result_type = plain, result_encoding = utf8,sample_rate = 16000,aue = speex-wb  a24100a94974aa9376ee71550ac97116  
[2018/05/19 09:39:24 654] isr        927  vad_set [in]  
[2018/05/19 09:39:24 655] isr        962  vad_enable :  true  
[2018/05/19 09:39:24 655] isr        980  vad_bos :  10000  
[2018/05/19 09:39:24 655] isr        981  vad_eos :  2000  
[2018/05/19 09:39:24 655] isr        886  enable_vad [in]  
[2018/05/19 09:39:24 657] isr        918  vad enabled!  2000  10000  
[2018/05/19 09:39:24 657] isr        921  enable_vad [out]  
[2018/05/19 09:39:24 657] isr        987  vad_set [out] | ret =  0  
[2018/05/19 09:39:24 657] isr        1187 cur_engine_type =   cloud  
[2018/05/19 09:39:24 657] isr        1001 cloud_session_begin  
[2018/05/19 09:39:24 657] isr        1013 standard  
[2018/05/19 09:39:24 674] isr        1547 ASR_MSG_AUW,   cloud  
[2018/05/19 09:39:24 674] isr        1559 6400  1  
[2018/05/19 09:39:24 674] isr        1569 once_bytes:   6400  
[2018/05/19 09:39:24 676] isr        851  [aud] speech start  
[2018/05/19 09:39:24 676] isr        798  1  msc  
[2018/05/19 09:39:24 876] isr        1547 ASR_MSG_AUW,   cloud  
[2018/05/19 09:39:24 876] isr        1559 6400  2  
[2018/05/19 09:39:25 079] isr        1547 ASR_MSG_AUW,   cloud  
[2018/05/19 09:39:25 079] isr        1559 6400  2  
[2018/05/19 09:39:25 279] isr        1547 ASR_MSG_AUW,   cloud  
[2018/05/19 09:39:25 279] isr        1559 6400  2  
[2018/05/19 09:39:25 480] isr        1547 ASR_MSG_AUW,   cloud  
[2018/05/19 09:39:25 480] isr        1559 6400  2  
[2018/05/19 09:39:25 682] isr        1547 ASR_MSG_AUW,   cloud  
[2018/05/19 09:39:25 683] isr        1559 6400  2  
[2018/05/19 09:39:25 885] isr        1547 ASR_MSG_AUW,   cloud  
[2018/05/19 09:39:25 885] isr        1559 6400  2  
[2018/05/19 09:39:25 946] isr        700  cloud_status_cb, eps:  1  
[2018/05/19 09:39:25 946] isr        798  1  cloud  
[2018/05/19 09:39:25 946] isr        813  cloud eps ignored  
[2018/05/19 09:39:26 085] isr        1547 ASR_MSG_AUW,   cloud  
[2018/05/19 09:39:26 085] isr        1559 6400  2  
[2018/05/19 09:39:26 288] isr        1547 ASR_MSG_AUW,   cloud  
[2018/05/19 09:39:26 288] isr        1559 6400  2  
[2018/05/19 09:39:26 488] isr        1547 ASR_MSG_AUW,   cloud  
[2018/05/19 09:39:26 488] isr        1559 6400  2  
[2018/05/19 09:39:26 691] isr        1547 ASR_MSG_AUW,   cloud  
[2018/05/19 09:39:26 691] isr        1559 6400  2  
[2018/05/19 09:39:26 893] isr        1547 ASR_MSG_AUW,   cloud  
[2018/05/19 09:39:26 893] isr        1559 6400  2  
[2018/05/19 09:39:27 094] isr        1547 ASR_MSG_AUW,   cloud  
[2018/05/19 09:39:27 094] isr        1559 6400  2  
[2018/05/19 09:39:27 296] isr        1547 ASR_MSG_AUW,   cloud  
[2018/05/19 09:39:27 297] isr        1559 6400  2  
[2018/05/19 09:39:27 497] isr        1547 ASR_MSG_AUW,   cloud  
[2018/05/19 09:39:27 497] isr        1559 6400  2  
[2018/05/19 09:39:27 699] isr        1547 ASR_MSG_AUW,   cloud  
[2018/05/19 09:39:27 699] isr        1559 6400  2  
[2018/05/19 09:39:27 902] isr        1547 ASR_MSG_AUW,   cloud  
[2018/05/19 09:39:27 902] isr        1559 6400  2  
[2018/05/19 09:39:28 102] isr        1547 ASR_MSG_AUW,   cloud  
[2018/05/19 09:39:28 103] isr        1559 6400  2  
[2018/05/19 09:39:28 303] isr        1547 ASR_MSG_AUW,   cloud  
[2018/05/19 09:39:28 303] isr        1559 6400  2  
[2018/05/19 09:39:28 506] isr        1547 ASR_MSG_AUW,   cloud  
[2018/05/19 09:39:28 506] isr        1559 6400  2  
[2018/05/19 09:39:28 709] isr        1547 ASR_MSG_AUW,   cloud  
[2018/05/19 09:39:28 709] isr        1559 11442  2  
[2018/05/19 09:39:28 908] isr        1547 ASR_MSG_AUW,   cloud  
[2018/05/19 09:39:28 908] isr        1559 0  4  
[2018/05/19 09:39:28 908] isr        1592 aud end, USER  
[2018/05/19 09:39:28 908] isr        1636 ASR_MSG_GRSLT,   cloud  
[2018/05/19 09:39:28 909] isr        1335 0  nil  2  
[2018/05/19 09:39:28 910] isr        854  [aud] speech end  
[2018/05/19 09:39:28 910] isr        798  3  msc  
[2018/05/19 09:39:29 061] isr        1636 ASR_MSG_GRSLT,   cloud  
[2018/05/19 09:39:29 061] isr        1335 0  nil  2  
[2018/05/19 09:39:29 213] isr        1636 ASR_MSG_GRSLT,   cloud  
[2018/05/19 09:39:29 213] isr        1335 0  nil  2  
[2018/05/19 09:39:29 367] isr        1636 ASR_MSG_GRSLT,   cloud  
[2018/05/19 09:39:29 367] isr        1335 0  nil  2  
[2018/05/19 09:39:29 518] isr        1636 ASR_MSG_GRSLT,   cloud  
[2018/05/19 09:39:29 518] isr        1335 0  nil  2  
[2018/05/19 09:39:29 671] isr        1636 ASR_MSG_GRSLT,   cloud  
[2018/05/19 09:39:29 671] isr        1335 0  nil  2  
[2018/05/19 09:39:29 762] isr        662  cloud_rslt_cb status =   5  
[2018/05/19 09:39:29 762] isr        641  process_result call:  cloud  udata(81e5e64) 5  nil  
[2018/05/19 09:39:29 762] isr        798  3  msc  
[2018/05/19 09:39:29 762] isr        800  already speech end  
[2018/05/19 09:39:29 824] isr        1636 ASR_MSG_GRSLT,   cloud  
[2018/05/19 09:39:29 824] isr        1335 0  udata(81e5e64) 5  
[2018/05/19 09:39:29 976] isr        1639 ASR_MSG_SSE,   cloud  
[2018/05/19 09:39:29 976] isr        1356 session_end() [in]  
[2018/05/19 09:39:29 976] isr        1421 cloud_session_end() [in]  
[2018/05/19 09:39:29 978] isr        1488 ns_host=  open.xf-yun.com  
[2018/05/19 09:39:29 978] isr        1498 tick()mod=  335013812  
[2018/05/19 09:39:29 978] isr        1499 tick()=  335013812  
[2018/05/19 09:39:29 978] isr        1501 diff=  5166  
[2018/05/19 09:39:29 978] isr        1514 cloud_session_end() [out]  
[2018/05/19 09:39:29 979] isr        1667 isr unload!  
